-------------------------------------------------------------------------------
Test set: edu.coursera.parallel.StudentAnalyticsTest
-------------------------------------------------------------------------------
Tests run: 6, Failures: 0, Errors: 4, Skipped: 0, Time elapsed: 1.517 sec <<< FAILURE! - in edu.coursera.parallel.StudentAnalyticsTest
testMostCommonFirstNameOfInactiveStudents(edu.coursera.parallel.StudentAnalyticsTest)  Time elapsed: 0.231 sec  <<< ERROR!
java.lang.UnsupportedOperationException
	at edu.coursera.parallel.StudentAnalytics.mostCommonFirstNameOfInactiveStudentsParallelStream(StudentAnalytics.java:106)
	at edu.coursera.parallel.StudentAnalyticsTest.mostCommonFirstNameOfInactiveStudentsHelper(StudentAnalyticsTest.java:96)
	at edu.coursera.parallel.StudentAnalyticsTest.testMostCommonFirstNameOfInactiveStudents(StudentAnalyticsTest.java:112)

testMostCommonFirstNameOfInactiveStudentsPerf(edu.coursera.parallel.StudentAnalyticsTest)  Time elapsed: 0.548 sec  <<< ERROR!
java.lang.UnsupportedOperationException
	at edu.coursera.parallel.StudentAnalytics.mostCommonFirstNameOfInactiveStudentsParallelStream(StudentAnalytics.java:106)
	at edu.coursera.parallel.StudentAnalyticsTest.mostCommonFirstNameOfInactiveStudentsHelper(StudentAnalyticsTest.java:96)
	at edu.coursera.parallel.StudentAnalyticsTest.testMostCommonFirstNameOfInactiveStudentsPerf(StudentAnalyticsTest.java:120)

testCountNumberOfFailedStudentsOlderThan20(edu.coursera.parallel.StudentAnalyticsTest)  Time elapsed: 0.117 sec  <<< ERROR!
java.lang.UnsupportedOperationException
	at edu.coursera.parallel.StudentAnalytics.countNumberOfFailedStudentsOlderThan20ParallelStream(StudentAnalytics.java:142)
	at edu.coursera.parallel.StudentAnalyticsTest.countNumberOfFailedStudentsOlderThan20Helper(StudentAnalyticsTest.java:139)
	at edu.coursera.parallel.StudentAnalyticsTest.testCountNumberOfFailedStudentsOlderThan20(StudentAnalyticsTest.java:155)

testCountNumberOfFailedStudentsOlderThan20Perf(edu.coursera.parallel.StudentAnalyticsTest)  Time elapsed: 0.194 sec  <<< ERROR!
java.lang.UnsupportedOperationException
	at edu.coursera.parallel.StudentAnalytics.countNumberOfFailedStudentsOlderThan20ParallelStream(StudentAnalytics.java:142)
	at edu.coursera.parallel.StudentAnalyticsTest.countNumberOfFailedStudentsOlderThan20Helper(StudentAnalyticsTest.java:139)
	at edu.coursera.parallel.StudentAnalyticsTest.testCountNumberOfFailedStudentsOlderThan20Perf(StudentAnalyticsTest.java:163)

